{
  "C:\\Users\\N\\Desktop\\meeting-room-system\\src\\repositories\\bookingRepository.js": {
    "path": "C:\\Users\\N\\Desktop\\meeting-room-system\\src\\repositories\\bookingRepository.js",
    "statementMap": {
      "0": {
        "start": { "line": 1, "column": 15 },
        "end": { "line": 1, "column": 38 }
      },
      "1": {
        "start": { "line": 3, "column": 22 },
        "end": { "line": 24, "column": 1 }
      },
      "2": {
        "start": { "line": 4, "column": 2 },
        "end": { "line": 23, "column": 5 }
      },
      "3": {
        "start": { "line": 6, "column": 21 },
        "end": { "line": 14, "column": 6 }
      },
      "4": {
        "start": { "line": 16, "column": 4 },
        "end": { "line": 20, "column": 5 }
      },
      "5": {
        "start": { "line": 17, "column": 20 },
        "end": { "line": 17, "column": 70 }
      },
      "6": {
        "start": { "line": 18, "column": 6 },
        "end": { "line": 18, "column": 29 }
      },
      "7": {
        "start": { "line": 19, "column": 6 },
        "end": { "line": 19, "column": 18 }
      },
      "8": {
        "start": { "line": 22, "column": 4 },
        "end": { "line": 22, "column": 58 }
      },
      "9": {
        "start": { "line": 26, "column": 21 },
        "end": { "line": 32, "column": 1 }
      },
      "10": {
        "start": { "line": 27, "column": 2 },
        "end": { "line": 31, "column": 5 }
      },
      "11": {
        "start": { "line": 34, "column": 0 },
        "end": { "line": 34, "column": 49 }
      }
    },
    "fnMap": {
      "0": {
        "name": "(anonymous_0)",
        "decl": {
          "start": { "line": 3, "column": 22 },
          "end": { "line": 3, "column": 23 }
        },
        "loc": {
          "start": { "line": 3, "column": 45 },
          "end": { "line": 24, "column": 1 }
        },
        "line": 3
      },
      "1": {
        "name": "(anonymous_1)",
        "decl": {
          "start": { "line": 4, "column": 35 },
          "end": { "line": 4, "column": 36 }
        },
        "loc": {
          "start": { "line": 4, "column": 49 },
          "end": { "line": 23, "column": 3 }
        },
        "line": 4
      },
      "2": {
        "name": "(anonymous_2)",
        "decl": {
          "start": { "line": 26, "column": 21 },
          "end": { "line": 26, "column": 22 }
        },
        "loc": {
          "start": { "line": 26, "column": 39 },
          "end": { "line": 32, "column": 1 }
        },
        "line": 26
      }
    },
    "branchMap": {
      "0": {
        "loc": {
          "start": { "line": 16, "column": 4 },
          "end": { "line": 20, "column": 5 }
        },
        "type": "if",
        "locations": [
          {
            "start": { "line": 16, "column": 4 },
            "end": { "line": 20, "column": 5 }
          },
          { "start": {}, "end": {} }
        ],
        "line": 16
      }
    },
    "s": {
      "0": 1,
      "1": 1,
      "2": 0,
      "3": 0,
      "4": 0,
      "5": 0,
      "6": 0,
      "7": 0,
      "8": 0,
      "9": 1,
      "10": 0,
      "11": 1
    },
    "f": { "0": 0, "1": 0, "2": 0 },
    "b": { "0": [0, 0] },
    "_coverageSchema": "1a1c01bbd47fc00a2c39e90264f33305004495a9",
    "hash": "b1d06826886f00640c286068b7dc96246545ada3"
  },
  "C:\\Users\\N\\Desktop\\meeting-room-system\\src\\services\\bookingService.js": {
    "path": "C:\\Users\\N\\Desktop\\meeting-room-system\\src\\services\\bookingService.js",
    "statementMap": {
      "0": {
        "start": { "line": 1, "column": 40 },
        "end": { "line": 1, "column": 84 }
      },
      "1": {
        "start": { "line": 2, "column": 15 },
        "end": { "line": 2, "column": 38 }
      },
      "2": {
        "start": { "line": 4, "column": 19 },
        "end": { "line": 9, "column": 1 }
      },
      "3": {
        "start": { "line": 5, "column": 2 },
        "end": { "line": 8, "column": 5 }
      },
      "4": {
        "start": { "line": 11, "column": 24 },
        "end": { "line": 13, "column": 1 }
      },
      "5": {
        "start": { "line": 12, "column": 2 },
        "end": { "line": 12, "column": 36 }
      },
      "6": {
        "start": { "line": 15, "column": 0 },
        "end": { "line": 15, "column": 49 }
      }
    },
    "fnMap": {
      "0": {
        "name": "(anonymous_0)",
        "decl": {
          "start": { "line": 4, "column": 19 },
          "end": { "line": 4, "column": 20 }
        },
        "loc": {
          "start": { "line": 4, "column": 69 },
          "end": { "line": 9, "column": 1 }
        },
        "line": 4
      },
      "1": {
        "name": "(anonymous_1)",
        "decl": {
          "start": { "line": 11, "column": 24 },
          "end": { "line": 11, "column": 25 }
        },
        "loc": {
          "start": { "line": 11, "column": 42 },
          "end": { "line": 13, "column": 1 }
        },
        "line": 11
      }
    },
    "branchMap": {},
    "s": { "0": 1, "1": 1, "2": 1, "3": 2, "4": 1, "5": 0, "6": 1 },
    "f": { "0": 2, "1": 0 },
    "b": {},
    "_coverageSchema": "1a1c01bbd47fc00a2c39e90264f33305004495a9",
    "hash": "408ded0511c828573d470927abee30ac331a2f74"
  },
  "C:\\Users\\N\\Desktop\\meeting-room-system\\src\\services\\userService.js": {
    "path": "C:\\Users\\N\\Desktop\\meeting-room-system\\src\\services\\userService.js",
    "statementMap": {
      "0": {
        "start": { "line": 1, "column": 15 },
        "end": { "line": 1, "column": 34 }
      },
      "1": {
        "start": { "line": 5, "column": 4 },
        "end": { "line": 5, "column": 45 }
      },
      "2": {
        "start": { "line": 7, "column": 21 },
        "end": { "line": 25, "column": 1 }
      },
      "3": {
        "start": { "line": 9, "column": 23 },
        "end": { "line": 9, "column": 60 }
      },
      "4": {
        "start": { "line": 10, "column": 2 },
        "end": { "line": 12, "column": 3 }
      },
      "5": {
        "start": { "line": 11, "column": 4 },
        "end": { "line": 11, "column": 59 }
      },
      "6": {
        "start": { "line": 15, "column": 25 },
        "end": { "line": 15, "column": 65 }
      },
      "7": {
        "start": { "line": 18, "column": 18 },
        "end": { "line": 22, "column": 4 }
      },
      "8": {
        "start": { "line": 24, "column": 2 },
        "end": { "line": 24, "column": 17 }
      },
      "9": {
        "start": { "line": 27, "column": 0 },
        "end": { "line": 27, "column": 34 }
      }
    },
    "fnMap": {
      "0": {
        "name": "(anonymous_0)",
        "decl": {
          "start": { "line": 7, "column": 21 },
          "end": { "line": 7, "column": 22 }
        },
        "loc": {
          "start": { "line": 7, "column": 41 },
          "end": { "line": 25, "column": 1 }
        },
        "line": 7
      }
    },
    "branchMap": {
      "0": {
        "loc": {
          "start": { "line": 10, "column": 2 },
          "end": { "line": 12, "column": 3 }
        },
        "type": "if",
        "locations": [
          {
            "start": { "line": 10, "column": 2 },
            "end": { "line": 12, "column": 3 }
          },
          { "start": {}, "end": {} }
        ],
        "line": 10
      }
    },
    "s": {
      "0": 1,
      "1": 1,
      "2": 1,
      "3": 2,
      "4": 2,
      "5": 1,
      "6": 1,
      "7": 1,
      "8": 1,
      "9": 1
    },
    "f": { "0": 2 },
    "b": { "0": [1, 1] },
    "_coverageSchema": "1a1c01bbd47fc00a2c39e90264f33305004495a9",
    "hash": "a040dc67bf8c69593d84eb9161ed7636f79d2e1d"
  }
}
